<?xml version="1.0" encoding="UTF-8"?>
<testng-results skipped="0" failed="0" ignored="0" total="1" passed="1">
  <reporter-output>
  </reporter-output>
  <suite name="Default suite" duration-ms="10679" started-at="2017-12-19T13:57:56Z" finished-at="2017-12-19T13:58:06Z">
    <groups>
    </groups>
    <test name="Default test" duration-ms="10679" started-at="2017-12-19T13:57:56Z" finished-at="2017-12-19T13:58:06Z">
      <class name="elementalselenium.UploadFile">
        <test-method status="PASS" signature="setUp()[pri:0, instance:elementalselenium.UploadFile@68c4039c]" name="setUp" is-config="true" duration-ms="4631" started-at="2017-12-19T15:57:56Z" finished-at="2017-12-19T15:58:00Z">
          <reporter-output>
          </reporter-output>
        </test-method> <!-- setUp -->
        <test-method status="PASS" signature="uploadFile()[pri:0, instance:elementalselenium.UploadFile@68c4039c]" name="uploadFile" duration-ms="3874" started-at="2017-12-19T15:58:00Z" finished-at="2017-12-19T15:58:04Z">
          <reporter-output>
          </reporter-output>
        </test-method> <!-- uploadFile -->
        <test-method status="PASS" signature="tearDown()[pri:0, instance:elementalselenium.UploadFile@68c4039c]" name="tearDown" is-config="true" duration-ms="2130" started-at="2017-12-19T15:58:04Z" finished-at="2017-12-19T15:58:06Z">
          <reporter-output>
          </reporter-output>
        </test-method> <!-- tearDown -->
      </class> <!-- elementalselenium.UploadFile -->
    </test> <!-- Default test -->
  </suite> <!-- Default suite -->
</testng-results>
