<?xml version="1.0" encoding="UTF-8"?>
<testng-results skipped="0" failed="0" ignored="0" total="1" passed="1">
  <reporter-output>
  </reporter-output>
  <suite name="Default suite" duration-ms="10879" started-at="2017-12-23T21:34:43Z" finished-at="2017-12-23T21:34:54Z">
    <groups>
    </groups>
    <test name="Default test" duration-ms="10879" started-at="2017-12-23T21:34:43Z" finished-at="2017-12-23T21:34:54Z">
      <class name="elementalselenium.UploadFile">
        <test-method status="PASS" signature="setUp()[pri:0, instance:elementalselenium.UploadFile@68c4039c]" name="setUp" is-config="true" duration-ms="4850" started-at="2017-12-23T23:34:43Z" finished-at="2017-12-23T23:34:48Z">
          <reporter-output>
          </reporter-output>
        </test-method> <!-- setUp -->
        <test-method status="PASS" signature="uploadFile()[pri:0, instance:elementalselenium.UploadFile@68c4039c]" name="uploadFile" duration-ms="4148" started-at="2017-12-23T23:34:48Z" finished-at="2017-12-23T23:34:52Z">
          <reporter-output>
          </reporter-output>
        </test-method> <!-- uploadFile -->
        <test-method status="PASS" signature="tearDown()[pri:0, instance:elementalselenium.UploadFile@68c4039c]" name="tearDown" is-config="true" duration-ms="1840" started-at="2017-12-23T23:34:52Z" finished-at="2017-12-23T23:34:54Z">
          <reporter-output>
          </reporter-output>
        </test-method> <!-- tearDown -->
      </class> <!-- elementalselenium.UploadFile -->
    </test> <!-- Default test -->
  </suite> <!-- Default suite -->
</testng-results>
